2026-07-11 11:00:45,716 - INFO - Initialized with 24 API key(s)
2026-07-11 11:00:45,758 - INFO - file_cache is only supported with oauth2client<4.0.0
2026-07-11 11:00:45,762 - INFO - Google Sheets client initialized
2026-07-11 11:00:58,476 - INFO - Scanning...
2026-07-11 11:00:58,842 - INFO - API Status: 6000 requests remaining
2026-07-11 11:00:59,178 - ERROR - Error fetching tournaments: 403 Client Error: Forbidden for url: https://api.oddspapi.io/v4/tournaments?sportId=10&apiKey=bb5c207c-2fd4-4c5c-acc7-f222875b42db
2026-07-11 11:00:59,181 - INFO - Found 0 value bets
2026-07-11 11:02:01,319 - ERROR - Error getting updates: ('Connection aborted.', RemoteDisconnected('Remote end closed connection without response'))
2026-07-11 11:02:29,052 - INFO - Initialized with 24 API key(s)
2026-07-11 11:02:29,093 - INFO - file_cache is only supported with oauth2client<4.0.0
2026-07-11 11:02:29,097 - INFO - Google Sheets client initialized
2026-07-11 11:02:38,580 - INFO - Scanning...
2026-07-11 11:02:39,289 - INFO - API Status: 6000 requests remaining
2026-07-11 11:03:19,686 - ERROR - Error fetching fixtures: 404 Client Error: Not Found for url: https://api.oddspapi.io/v4/fixtures?sportId=10&from=2026-07-11&to=2026-07-18&tournamentId=8&hasOdds=true&apiKey=764b8e27-1f2d-41ba-a1a6-d41daeaf753f
2026-07-11 11:03:20,501 - ERROR - Error fetching fixtures: 404 Client Error: Not Found for url: https://api.oddspapi.io/v4/fixtures?sportId=10&from=2026-07-11&to=2026-07-18&tournamentId=9&hasOdds=true&apiKey=a95c3a14-fbf4-451e-8582-6e9d62ab533e
2026-07-11 11:03:35,100 - ERROR - Error fetching fixtures: 404 Client Error: Not Found for url: https://api.oddspapi.io/v4/fixtures?sportId=10&from=2026-07-11&to=2026-07-18&tournamentId=17&hasOdds=true&apiKey=01b61a60-e733-4d81-92d9-e599eb4c8897
2026-07-11 11:03:35,709 - ERROR - Error fetching fixtures: 404 Client Error: Not Found for url: https://api.oddspapi.io/v4/fixtures?sportId=10&from=2026-07-11&to=2026-07-18&tournamentId=18&hasOdds=true&apiKey=bb5c207c-2fd4-4c5c-acc7-f222875b42db
2026-07-11 11:04:09,198 - ERROR - Error fetching fixtures: 404 Client Error: Not Found for url: https://api.oddspapi.io/v4/fixtures?sportId=10&from=2026-07-11&to=2026-07-18&tournamentId=21&hasOdds=true&apiKey=d6bd124e-cba9-4803-bcc8-4255b70dec82
2026-07-11 11:04:09,854 - ERROR - Error fetching fixtures: 404 Client Error: Not Found for url: https://api.oddspapi.io/v4/fixtures?sportId=10&from=2026-07-11&to=2026-07-18&tournamentId=22&hasOdds=true&apiKey=1b3fcb09-c752-4e93-991b-5254262278de
2026-07-11 11:04:10,530 - ERROR - Error fetching fixtures: 404 Client Error: Not Found for url: https://api.oddspapi.io/v4/fixtures?sportId=10&from=2026-07-11&to=2026-07-18&tournamentId=23&hasOdds=true&apiKey=6de091d6-be60-4ead-9c19-f121edbc6f2d
2026-07-11 11:04:11,146 - ERROR - Error fetching fixtures: 404 Client Error: Not Found for url: https://api.oddspapi.io/v4/fixtures?sportId=10&from=2026-07-11&to=2026-07-18&tournamentId=24&hasOdds=true&apiKey=764b8e27-1f2d-41ba-a1a6-d41daeaf753f
2026-07-11 11:04:11,864 - ERROR - Error fetching fixtures: 404 Client Error: Not Found for url: https://api.oddspapi.io/v4/fixtures?sportId=10&from=2026-07-11&to=2026-07-18&tournamentId=25&hasOdds=true&apiKey=a95c3a14-fbf4-451e-8582-6e9d62ab533e
2026-07-11 11:04:12,576 - ERROR - Error fetching fixtures: 404 Client Error: Not Found for url: https://api.oddspapi.io/v4/fixtures?sportId=10&from=2026-07-11&to=2026-07-18&tournamentId=26&hasOdds=true&apiKey=8f0f2d42-eecc-4b8a-b56f-7a95160bee93
2026-07-11 11:04:13,141 - ERROR - Error fetching fixtures: 404 Client Error: Not Found for url: https://api.oddspapi.io/v4/fixtures?sportId=10&from=2026-07-11&to=2026-07-18&tournamentId=34&hasOdds=true&apiKey=650a2c3e-3b32-4c5d-b16d-a8ffcf0e9d66
2026-07-11 11:04:16,097 - ERROR - Error fetching fixtures: 404 Client Error: Not Found for url: https://api.oddspapi.io/v4/fixtures?sportId=10&from=2026-07-11&to=2026-07-18&tournamentId=35&hasOdds=true&apiKey=52cac6c5-a2c3-49fc-9c38-11a8b639df3d
2026-07-11 11:04:16,669 - ERROR - Error fetching fixtures: 404 Client Error: Not Found for url: https://api.oddspapi.io/v4/fixtures?sportId=10&from=2026-07-11&to=2026-07-18&tournamentId=36&hasOdds=true&apiKey=46bc4083-85da-4547-ad50-e37859a0da56
2026-07-11 11:04:17,289 - ERROR - Error fetching fixtures: 404 Client Error: Not Found for url: https://api.oddspapi.io/v4/fixtures?sportId=10&from=2026-07-11&to=2026-07-18&tournamentId=37&hasOdds=true&apiKey=db122c2b-1f12-4a52-85d1-4a2b9ab0edea
2026-07-11 11:04:17,848 - ERROR - Error fetching fixtures: 404 Client Error: Not Found for url: https://api.oddspapi.io/v4/fixtures?sportId=10&from=2026-07-11&to=2026-07-18&tournamentId=38&hasOdds=true&apiKey=01b61a60-e733-4d81-92d9-e599eb4c8897
2026-07-11 11:04:18,415 - ERROR - Error fetching fixtures: 404 Client Error: Not Found for url: https://api.oddspapi.io/v4/fixtures?sportId=10&from=2026-07-11&to=2026-07-18&tournamentId=39&hasOdds=true&apiKey=bb5c207c-2fd4-4c5c-acc7-f222875b42db
2026-07-11 11:04:53,580 - ERROR - Error fetching fixtures: 404 Client Error: Not Found for url: https://api.oddspapi.io/v4/fixtures?sportId=10&from=2026-07-11&to=2026-07-18&tournamentId=42&hasOdds=true&apiKey=a95c3a14-fbf4-451e-8582-6e9d62ab533e
2026-07-11 11:04:54,152 - ERROR - Error fetching fixtures: 404 Client Error: Not Found for url: https://api.oddspapi.io/v4/fixtures?sportId=10&from=2026-07-11&to=2026-07-18&tournamentId=44&hasOdds=true&apiKey=8f0f2d42-eecc-4b8a-b56f-7a95160bee93
2026-07-11 11:04:54,803 - ERROR - Error fetching fixtures: 404 Client Error: Not Found for url: https://api.oddspapi.io/v4/fixtures?sportId=10&from=2026-07-11&to=2026-07-18&tournamentId=45&hasOdds=true&apiKey=650a2c3e-3b32-4c5d-b16d-a8ffcf0e9d66
2026-07-11 11:04:55,453 - ERROR - Error fetching fixtures: 404 Client Error: Not Found for url: https://api.oddspapi.io/v4/fixtures?sportId=10&from=2026-07-11&to=2026-07-18&tournamentId=46&hasOdds=true&apiKey=52cac6c5-a2c3-49fc-9c38-11a8b639df3d
2026-07-11 11:04:56,031 - ERROR - Error fetching fixtures: 404 Client Error: Not Found for url: https://api.oddspapi.io/v4/fixtures?sportId=10&from=2026-07-11&to=2026-07-18&tournamentId=47&hasOdds=true&apiKey=46bc4083-85da-4547-ad50-e37859a0da56
2026-07-11 11:04:56,608 - ERROR - Error fetching fixtures: 404 Client Error: Not Found for url: https://api.oddspapi.io/v4/fixtures?sportId=10&from=2026-07-11&to=2026-07-18&tournamentId=52&hasOdds=true&apiKey=db122c2b-1f12-4a52-85d1-4a2b9ab0edea
2026-07-11 11:04:57,207 - ERROR - Error fetching fixtures: 404 Client Error: Not Found for url: https://api.oddspapi.io/v4/fixtures?sportId=10&from=2026-07-11&to=2026-07-18&tournamentId=54&hasOdds=true&apiKey=01b61a60-e733-4d81-92d9-e599eb4c8897
2026-07-11 11:05:07,308 - ERROR - Error fetching fixtures: 404 Client Error: Not Found for url: https://api.oddspapi.io/v4/fixtures?sportId=10&from=2026-07-11&to=2026-07-18&tournamentId=65&hasOdds=true&apiKey=437eda99-5bfc-427e-a820-745c2d7420ac
2026-07-11 11:05:07,910 - ERROR - Error fetching fixtures: 404 Client Error: Not Found for url: https://api.oddspapi.io/v4/fixtures?sportId=10&from=2026-07-11&to=2026-07-18&tournamentId=91&hasOdds=true&apiKey=ae011e6f-02fa-47bb-9ccf-da54f5b3fab6
2026-07-11 11:05:08,540 - ERROR - Error fetching fixtures: 404 Client Error: Not Found for url: https://api.oddspapi.io/v4/fixtures?sportId=10&from=2026-07-11&to=2026-07-18&tournamentId=98&hasOdds=true&apiKey=61509a15-67f0-4004-8356-0cd71e226e72
2026-07-11 11:05:09,151 - ERROR - Error fetching fixtures: 404 Client Error: Not Found for url: https://api.oddspapi.io/v4/fixtures?sportId=10&from=2026-07-11&to=2026-07-18&tournamentId=131&hasOdds=true&apiKey=083d0b63-396c-4def-a998-7c904de9be1e
2026-07-11 11:05:09,759 - ERROR - Error fetching fixtures: 404 Client Error: Not Found for url: https://api.oddspapi.io/v4/fixtures?sportId=10&from=2026-07-11&to=2026-07-18&tournamentId=135&hasOdds=true&apiKey=affc47b8-b6c0-4df2-9e61-f102583c1398
2026-07-11 11:05:15,450 - ERROR - Error fetching fixtures: 404 Client Error: Not Found for url: https://api.oddspapi.io/v4/fixtures?sportId=10&from=2026-07-11&to=2026-07-18&tournamentId=155&hasOdds=true&apiKey=d6bd124e-cba9-4803-bcc8-4255b70dec82
2026-07-11 11:05:25,254 - ERROR - Error fetching fixtures: 404 Client Error: Not Found for url: https://api.oddspapi.io/v4/fixtures?sportId=10&from=2026-07-11&to=2026-07-18&tournamentId=170&hasOdds=true&apiKey=650a2c3e-3b32-4c5d-b16d-a8ffcf0e9d66
2026-07-11 11:05:25,823 - ERROR - Error fetching fixtures: 404 Client Error: Not Found for url: https://api.oddspapi.io/v4/fixtures?sportId=10&from=2026-07-11&to=2026-07-18&tournamentId=172&hasOdds=true&apiKey=52cac6c5-a2c3-49fc-9c38-11a8b639df3d
2026-07-11 11:05:26,372 - ERROR - Error fetching fixtures: 404 Client Error: Not Found for url: https://api.oddspapi.io/v4/fixtures?sportId=10&from=2026-07-11&to=2026-07-18&tournamentId=173&hasOdds=true&apiKey=46bc4083-85da-4547-ad50-e37859a0da56
2026-07-11 11:05:32,861 - ERROR - Error fetching fixtures: 404 Client Error: Not Found for url: https://api.oddspapi.io/v4/fixtures?sportId=10&from=2026-07-11&to=2026-07-18&tournamentId=182&hasOdds=true&apiKey=bb5c207c-2fd4-4c5c-acc7-f222875b42db
2026-07-11 11:05:33,444 - ERROR - Error fetching fixtures: 404 Client Error: Not Found for url: https://api.oddspapi.io/v4/fixtures?sportId=10&from=2026-07-11&to=2026-07-18&tournamentId=183&hasOdds=true&apiKey=87c3e52b-04c5-4cc4-addb-d2e921e17323
2026-07-11 11:05:34,077 - ERROR - Error fetching fixtures: 404 Client Error: Not Found for url: https://api.oddspapi.io/v4/fixtures?sportId=10&from=2026-07-11&to=2026-07-18&tournamentId=187&hasOdds=true&apiKey=1e5ef5a4-c5fd-4145-9746-4c0508b17534
2026-07-11 11:05:50,285 - ERROR - Error fetching fixtures: 404 Client Error: Not Found for url: https://api.oddspapi.io/v4/fixtures?sportId=10&from=2026-07-11&to=2026-07-18&tournamentId=193&hasOdds=true&apiKey=6d1cd3ab-54ee-4bd5-a046-38fa0efea78a
2026-07-11 11:05:50,862 - ERROR - Error fetching fixtures: 404 Client Error: Not Found for url: https://api.oddspapi.io/v4/fixtures?sportId=10&from=2026-07-11&to=2026-07-18&tournamentId=195&hasOdds=true&apiKey=d6bd124e-cba9-4803-bcc8-4255b70dec82
2026-07-11 11:05:51,452 - ERROR - Error fetching fixtures: 404 Client Error: Not Found for url: https://api.oddspapi.io/v4/fixtures?sportId=10&from=2026-07-11&to=2026-07-18&tournamentId=196&hasOdds=true&apiKey=1b3fcb09-c752-4e93-991b-5254262278de
2026-07-11 11:05:52,082 - ERROR - Error fetching fixtures: 404 Client Error: Not Found for url: https://api.oddspapi.io/v4/fixtures?sportId=10&from=2026-07-11&to=2026-07-18&tournamentId=197&hasOdds=true&apiKey=6de091d6-be60-4ead-9c19-f121edbc6f2d
2026-07-11 11:05:52,083 - INFO - Found 8 value bets
2026-07-11 11:06:13,790 - ERROR - Could not find the copied sheet to rename
2026-07-11 11:06:15,304 - INFO - Created monthly sheet '2026-07' (blank)
2026-07-11 11:06:16,067 - INFO - Bet opgeslagen: id1000018868194728
2026-07-11 11:11:03,427 - INFO - Scanning...
2026-07-11 11:11:05,131 - INFO - API Status: 5868 requests remaining
2026-07-11 11:18:57,155 - INFO - Initialized with 24 API key(s)
2026-07-11 11:18:57,201 - INFO - file_cache is only supported with oauth2client<4.0.0
2026-07-11 11:18:57,205 - INFO - Google Sheets client initialized
2026-07-11 11:19:09,838 - INFO - Scanning...
2026-07-11 11:19:10,483 - INFO - API Status: 6000 requests remaining
2026-07-11 11:19:12,021 - ERROR - Error fetching tournaments: 403 Client Error: Forbidden for url: https://api.oddspapi.io/v4/tournaments?sportId=10&apiKey=bb5c207c-2fd4-4c5c-acc7-f222875b42db
2026-07-11 11:19:12,023 - INFO - Found 0 value bets
2026-07-11 11:23:20,995 - INFO - Initialized with 24 API key(s)
2026-07-11 11:23:21,036 - INFO - file_cache is only supported with oauth2client<4.0.0
2026-07-11 11:23:21,039 - INFO - Google Sheets client initialized
2026-07-11 11:23:37,798 - INFO - Scanning...
2026-07-11 11:23:38,305 - INFO - API Status: 6000 requests remaining
2026-07-11 11:24:06,152 - ERROR - Error fetching fixtures: 404 Client Error: Not Found for url: https://api.oddspapi.io/v4/fixtures?sportId=10&from=2026-07-11&to=2026-07-18&tournamentId=8&hasOdds=true&apiKey=764b8e27-1f2d-41ba-a1a6-d41daeaf753f
2026-07-11 11:24:06,629 - ERROR - Error fetching fixtures: 404 Client Error: Not Found for url: https://api.oddspapi.io/v4/fixtures?sportId=10&from=2026-07-11&to=2026-07-18&tournamentId=9&hasOdds=true&apiKey=a95c3a14-fbf4-451e-8582-6e9d62ab533e
2026-07-11 11:24:16,873 - ERROR - Error fetching fixtures: 404 Client Error: Not Found for url: https://api.oddspapi.io/v4/fixtures?sportId=10&from=2026-07-11&to=2026-07-18&tournamentId=17&hasOdds=true&apiKey=01b61a60-e733-4d81-92d9-e599eb4c8897
2026-07-11 11:24:17,242 - ERROR - Error fetching fixtures: 404 Client Error: Not Found for url: https://api.oddspapi.io/v4/fixtures?sportId=10&from=2026-07-11&to=2026-07-18&tournamentId=18&hasOdds=true&apiKey=bb5c207c-2fd4-4c5c-acc7-f222875b42db
2026-07-11 11:24:59,000 - ERROR - Error fetching odds for id1000002067015242: HTTPSConnectionPool(host='api.oddspapi.io', port=443): Read timed out.
2026-07-11 11:25:07,492 - ERROR - Error fetching fixtures: 404 Client Error: Not Found for url: https://api.oddspapi.io/v4/fixtures?sportId=10&from=2026-07-11&to=2026-07-18&tournamentId=21&hasOdds=true&apiKey=d6bd124e-cba9-4803-bcc8-4255b70dec82
2026-07-11 11:25:07,848 - ERROR - Error fetching fixtures: 404 Client Error: Not Found for url: https://api.oddspapi.io/v4/fixtures?sportId=10&from=2026-07-11&to=2026-07-18&tournamentId=22&hasOdds=true&apiKey=1b3fcb09-c752-4e93-991b-5254262278de
2026-07-11 11:25:08,423 - ERROR - Error fetching fixtures: 404 Client Error: Not Found for url: https://api.oddspapi.io/v4/fixtures?sportId=10&from=2026-07-11&to=2026-07-18&tournamentId=23&hasOdds=true&apiKey=6de091d6-be60-4ead-9c19-f121edbc6f2d
2026-07-11 11:25:08,782 - ERROR - Error fetching fixtures: 404 Client Error: Not Found for url: https://api.oddspapi.io/v4/fixtures?sportId=10&from=2026-07-11&to=2026-07-18&tournamentId=24&hasOdds=true&apiKey=764b8e27-1f2d-41ba-a1a6-d41daeaf753f
2026-07-11 11:25:09,137 - ERROR - Error fetching fixtures: 404 Client Error: Not Found for url: https://api.oddspapi.io/v4/fixtures?sportId=10&from=2026-07-11&to=2026-07-18&tournamentId=25&hasOdds=true&apiKey=a95c3a14-fbf4-451e-8582-6e9d62ab533e
2026-07-11 11:25:09,549 - ERROR - Error fetching fixtures: 404 Client Error: Not Found for url: https://api.oddspapi.io/v4/fixtures?sportId=10&from=2026-07-11&to=2026-07-18&tournamentId=26&hasOdds=true&apiKey=8f0f2d42-eecc-4b8a-b56f-7a95160bee93
2026-07-11 11:25:09,923 - ERROR - Error fetching fixtures: 404 Client Error: Not Found for url: https://api.oddspapi.io/v4/fixtures?sportId=10&from=2026-07-11&to=2026-07-18&tournamentId=34&hasOdds=true&apiKey=650a2c3e-3b32-4c5d-b16d-a8ffcf0e9d66
2026-07-11 11:25:10,308 - ERROR - Error fetching fixtures: 404 Client Error: Not Found for url: https://api.oddspapi.io/v4/fixtures?sportId=10&from=2026-07-11&to=2026-07-18&tournamentId=35&hasOdds=true&apiKey=52cac6c5-a2c3-49fc-9c38-11a8b639df3d
2026-07-11 11:25:10,699 - ERROR - Error fetching fixtures: 404 Client Error: Not Found for url: https://api.oddspapi.io/v4/fixtures?sportId=10&from=2026-07-11&to=2026-07-18&tournamentId=36&hasOdds=true&apiKey=46bc4083-85da-4547-ad50-e37859a0da56
2026-07-11 11:25:11,039 - ERROR - Error fetching fixtures: 404 Client Error: Not Found for url: https://api.oddspapi.io/v4/fixtures?sportId=10&from=2026-07-11&to=2026-07-18&tournamentId=37&hasOdds=true&apiKey=db122c2b-1f12-4a52-85d1-4a2b9ab0edea
2026-07-11 11:25:11,401 - ERROR - Error fetching fixtures: 404 Client Error: Not Found for url: https://api.oddspapi.io/v4/fixtures?sportId=10&from=2026-07-11&to=2026-07-18&tournamentId=38&hasOdds=true&apiKey=01b61a60-e733-4d81-92d9-e599eb4c8897
2026-07-11 11:25:11,800 - ERROR - Error fetching fixtures: 404 Client Error: Not Found for url: https://api.oddspapi.io/v4/fixtures?sportId=10&from=2026-07-11&to=2026-07-18&tournamentId=39&hasOdds=true&apiKey=bb5c207c-2fd4-4c5c-acc7-f222875b42db
2026-07-11 11:25:16,634 - ERROR - Error fetching odds for id1000004067126628: ('Connection aborted.', RemoteDisconnected('Remote end closed connection without response'))
2026-07-11 11:25:34,280 - ERROR - Error fetching fixtures: 404 Client Error: Not Found for url: https://api.oddspapi.io/v4/fixtures?sportId=10&from=2026-07-11&to=2026-07-18&tournamentId=42&hasOdds=true&apiKey=a95c3a14-fbf4-451e-8582-6e9d62ab533e
2026-07-11 11:25:34,648 - ERROR - Error fetching fixtures: 404 Client Error: Not Found for url: https://api.oddspapi.io/v4/fixtures?sportId=10&from=2026-07-11&to=2026-07-18&tournamentId=44&hasOdds=true&apiKey=8f0f2d42-eecc-4b8a-b56f-7a95160bee93
2026-07-11 11:25:34,980 - ERROR - Error fetching fixtures: 404 Client Error: Not Found for url: https://api.oddspapi.io/v4/fixtures?sportId=10&from=2026-07-11&to=2026-07-18&tournamentId=45&hasOdds=true&apiKey=650a2c3e-3b32-4c5d-b16d-a8ffcf0e9d66
2026-07-11 11:25:35,329 - ERROR - Error fetching fixtures: 404 Client Error: Not Found for url: https://api.oddspapi.io/v4/fixtures?sportId=10&from=2026-07-11&to=2026-07-18&tournamentId=46&hasOdds=true&apiKey=52cac6c5-a2c3-49fc-9c38-11a8b639df3d
2026-07-11 11:25:35,717 - ERROR - Error fetching fixtures: 404 Client Error: Not Found for url: https://api.oddspapi.io/v4/fixtures?sportId=10&from=2026-07-11&to=2026-07-18&tournamentId=47&hasOdds=true&apiKey=46bc4083-85da-4547-ad50-e37859a0da56
2026-07-11 11:25:36,077 - ERROR - Error fetching fixtures: 404 Client Error: Not Found for url: https://api.oddspapi.io/v4/fixtures?sportId=10&from=2026-07-11&to=2026-07-18&tournamentId=52&hasOdds=true&apiKey=db122c2b-1f12-4a52-85d1-4a2b9ab0edea
2026-07-11 11:25:36,452 - ERROR - Error fetching fixtures: 404 Client Error: Not Found for url: https://api.oddspapi.io/v4/fixtures?sportId=10&from=2026-07-11&to=2026-07-18&tournamentId=54&hasOdds=true&apiKey=01b61a60-e733-4d81-92d9-e599eb4c8897
2026-07-11 11:25:43,237 - ERROR - Error fetching fixtures: 404 Client Error: Not Found for url: https://api.oddspapi.io/v4/fixtures?sportId=10&from=2026-07-11&to=2026-07-18&tournamentId=65&hasOdds=true&apiKey=437eda99-5bfc-427e-a820-745c2d7420ac
2026-07-11 11:25:43,588 - ERROR - Error fetching fixtures: 404 Client Error: Not Found for url: https://api.oddspapi.io/v4/fixtures?sportId=10&from=2026-07-11&to=2026-07-18&tournamentId=91&hasOdds=true&apiKey=ae011e6f-02fa-47bb-9ccf-da54f5b3fab6
2026-07-11 11:25:43,906 - ERROR - Error fetching fixtures: 404 Client Error: Not Found for url: https://api.oddspapi.io/v4/fixtures?sportId=10&from=2026-07-11&to=2026-07-18&tournamentId=98&hasOdds=true&apiKey=61509a15-67f0-4004-8356-0cd71e226e72
2026-07-11 11:25:44,265 - ERROR - Error fetching fixtures: 404 Client Error: Not Found for url: https://api.oddspapi.io/v4/fixtures?sportId=10&from=2026-07-11&to=2026-07-18&tournamentId=131&hasOdds=true&apiKey=083d0b63-396c-4def-a998-7c904de9be1e
2026-07-11 11:25:44,620 - ERROR - Error fetching fixtures: 404 Client Error: Not Found for url: https://api.oddspapi.io/v4/fixtures?sportId=10&from=2026-07-11&to=2026-07-18&tournamentId=135&hasOdds=true&apiKey=affc47b8-b6c0-4df2-9e61-f102583c1398
2026-07-11 11:25:48,088 - ERROR - Error fetching fixtures: 404 Client Error: Not Found for url: https://api.oddspapi.io/v4/fixtures?sportId=10&from=2026-07-11&to=2026-07-18&tournamentId=155&hasOdds=true&apiKey=d6bd124e-cba9-4803-bcc8-4255b70dec82
2026-07-11 11:25:54,453 - ERROR - Error fetching fixtures: 404 Client Error: Not Found for url: https://api.oddspapi.io/v4/fixtures?sportId=10&from=2026-07-11&to=2026-07-18&tournamentId=170&hasOdds=true&apiKey=650a2c3e-3b32-4c5d-b16d-a8ffcf0e9d66
2026-07-11 11:25:54,837 - ERROR - Error fetching fixtures: 404 Client Error: Not Found for url: https://api.oddspapi.io/v4/fixtures?sportId=10&from=2026-07-11&to=2026-07-18&tournamentId=172&hasOdds=true&apiKey=52cac6c5-a2c3-49fc-9c38-11a8b639df3d
2026-07-11 11:25:55,238 - ERROR - Error fetching fixtures: 404 Client Error: Not Found for url: https://api.oddspapi.io/v4/fixtures?sportId=10&from=2026-07-11&to=2026-07-18&tournamentId=173&hasOdds=true&apiKey=46bc4083-85da-4547-ad50-e37859a0da56
2026-07-11 11:25:58,926 - ERROR - Error fetching fixtures: 404 Client Error: Not Found for url: https://api.oddspapi.io/v4/fixtures?sportId=10&from=2026-07-11&to=2026-07-18&tournamentId=182&hasOdds=true&apiKey=bb5c207c-2fd4-4c5c-acc7-f222875b42db
2026-07-11 11:25:59,329 - ERROR - Error fetching fixtures: 404 Client Error: Not Found for url: https://api.oddspapi.io/v4/fixtures?sportId=10&from=2026-07-11&to=2026-07-18&tournamentId=183&hasOdds=true&apiKey=87c3e52b-04c5-4cc4-addb-d2e921e17323
2026-07-11 11:25:59,705 - ERROR - Error fetching fixtures: 404 Client Error: Not Found for url: https://api.oddspapi.io/v4/fixtures?sportId=10&from=2026-07-11&to=2026-07-18&tournamentId=187&hasOdds=true&apiKey=1e5ef5a4-c5fd-4145-9746-4c0508b17534
2026-07-11 11:26:09,820 - ERROR - Error fetching fixtures: 404 Client Error: Not Found for url: https://api.oddspapi.io/v4/fixtures?sportId=10&from=2026-07-11&to=2026-07-18&tournamentId=193&hasOdds=true&apiKey=6d1cd3ab-54ee-4bd5-a046-38fa0efea78a
2026-07-11 11:26:10,188 - ERROR - Error fetching fixtures: 404 Client Error: Not Found for url: https://api.oddspapi.io/v4/fixtures?sportId=10&from=2026-07-11&to=2026-07-18&tournamentId=195&hasOdds=true&apiKey=d6bd124e-cba9-4803-bcc8-4255b70dec82
2026-07-11 11:26:10,507 - ERROR - Error fetching fixtures: 404 Client Error: Not Found for url: https://api.oddspapi.io/v4/fixtures?sportId=10&from=2026-07-11&to=2026-07-18&tournamentId=196&hasOdds=true&apiKey=1b3fcb09-c752-4e93-991b-5254262278de
2026-07-11 11:26:10,905 - ERROR - Error fetching fixtures: 404 Client Error: Not Found for url: https://api.oddspapi.io/v4/fixtures?sportId=10&from=2026-07-11&to=2026-07-18&tournamentId=197&hasOdds=true&apiKey=6de091d6-be60-4ead-9c19-f121edbc6f2d
2026-07-11 11:26:10,906 - INFO - Found 0 value bets
2026-07-11 11:26:49,988 - INFO - Initialized with 24 API key(s)
2026-07-11 11:26:50,028 - INFO - file_cache is only supported with oauth2client<4.0.0
2026-07-11 11:26:50,032 - INFO - Google Sheets client initialized
2026-07-11 11:27:01,714 - INFO - Scanning...
2026-07-11 11:27:02,200 - INFO - API Status: 6000 requests remaining
2026-07-11 11:27:25,350 - ERROR - Error fetching fixtures: 404 Client Error: Not Found for url: https://api.oddspapi.io/v4/fixtures?sportId=10&from=2026-07-11&to=2026-07-18&tournamentId=8&hasOdds=true&apiKey=764b8e27-1f2d-41ba-a1a6-d41daeaf753f
2026-07-11 11:27:25,731 - ERROR - Error fetching fixtures: 404 Client Error: Not Found for url: https://api.oddspapi.io/v4/fixtures?sportId=10&from=2026-07-11&to=2026-07-18&tournamentId=9&hasOdds=true&apiKey=a95c3a14-fbf4-451e-8582-6e9d62ab533e
2026-07-11 11:27:38,697 - ERROR - Error fetching fixtures: 404 Client Error: Not Found for url: https://api.oddspapi.io/v4/fixtures?sportId=10&from=2026-07-11&to=2026-07-18&tournamentId=17&hasOdds=true&apiKey=01b61a60-e733-4d81-92d9-e599eb4c8897
2026-07-11 11:27:39,100 - ERROR - Error fetching fixtures: 404 Client Error: Not Found for url: https://api.oddspapi.io/v4/fixtures?sportId=10&from=2026-07-11&to=2026-07-18&tournamentId=18&hasOdds=true&apiKey=bb5c207c-2fd4-4c5c-acc7-f222875b42db
2026-07-11 11:27:55,684 - ERROR - Error fetching fixtures: 404 Client Error: Not Found for url: https://api.oddspapi.io/v4/fixtures?sportId=10&from=2026-07-11&to=2026-07-18&tournamentId=21&hasOdds=true&apiKey=d6bd124e-cba9-4803-bcc8-4255b70dec82
2026-07-11 11:27:56,042 - ERROR - Error fetching fixtures: 404 Client Error: Not Found for url: https://api.oddspapi.io/v4/fixtures?sportId=10&from=2026-07-11&to=2026-07-18&tournamentId=22&hasOdds=true&apiKey=1b3fcb09-c752-4e93-991b-5254262278de
2026-07-11 11:27:56,352 - ERROR - Error fetching fixtures: 404 Client Error: Not Found for url: https://api.oddspapi.io/v4/fixtures?sportId=10&from=2026-07-11&to=2026-07-18&tournamentId=23&hasOdds=true&apiKey=6de091d6-be60-4ead-9c19-f121edbc6f2d
2026-07-11 11:27:56,662 - ERROR - Error fetching fixtures: 404 Client Error: Not Found for url: https://api.oddspapi.io/v4/fixtures?sportId=10&from=2026-07-11&to=2026-07-18&tournamentId=24&hasOdds=true&apiKey=764b8e27-1f2d-41ba-a1a6-d41daeaf753f
2026-07-11 11:27:57,014 - ERROR - Error fetching fixtures: 404 Client Error: Not Found for url: https://api.oddspapi.io/v4/fixtures?sportId=10&from=2026-07-11&to=2026-07-18&tournamentId=25&hasOdds=true&apiKey=a95c3a14-fbf4-451e-8582-6e9d62ab533e
2026-07-11 11:27:57,385 - ERROR - Error fetching fixtures: 404 Client Error: Not Found for url: https://api.oddspapi.io/v4/fixtures?sportId=10&from=2026-07-11&to=2026-07-18&tournamentId=26&hasOdds=true&apiKey=8f0f2d42-eecc-4b8a-b56f-7a95160bee93
2026-07-11 11:27:57,786 - ERROR - Error fetching fixtures: 404 Client Error: Not Found for url: https://api.oddspapi.io/v4/fixtures?sportId=10&from=2026-07-11&to=2026-07-18&tournamentId=34&hasOdds=true&apiKey=650a2c3e-3b32-4c5d-b16d-a8ffcf0e9d66
2026-07-11 11:27:58,095 - ERROR - Error fetching fixtures: 404 Client Error: Not Found for url: https://api.oddspapi.io/v4/fixtures?sportId=10&from=2026-07-11&to=2026-07-18&tournamentId=35&hasOdds=true&apiKey=52cac6c5-a2c3-49fc-9c38-11a8b639df3d
2026-07-11 11:27:58,453 - ERROR - Error fetching fixtures: 404 Client Error: Not Found for url: https://api.oddspapi.io/v4/fixtures?sportId=10&from=2026-07-11&to=2026-07-18&tournamentId=36&hasOdds=true&apiKey=46bc4083-85da-4547-ad50-e37859a0da56
2026-07-11 11:27:58,811 - ERROR - Error fetching fixtures: 404 Client Error: Not Found for url: https://api.oddspapi.io/v4/fixtures?sportId=10&from=2026-07-11&to=2026-07-18&tournamentId=37&hasOdds=true&apiKey=db122c2b-1f12-4a52-85d1-4a2b9ab0edea
2026-07-11 11:27:59,220 - ERROR - Error fetching fixtures: 404 Client Error: Not Found for url: https://api.oddspapi.io/v4/fixtures?sportId=10&from=2026-07-11&to=2026-07-18&tournamentId=38&hasOdds=true&apiKey=01b61a60-e733-4d81-92d9-e599eb4c8897
2026-07-11 11:27:59,580 - ERROR - Error fetching fixtures: 404 Client Error: Not Found for url: https://api.oddspapi.io/v4/fixtures?sportId=10&from=2026-07-11&to=2026-07-18&tournamentId=39&hasOdds=true&apiKey=bb5c207c-2fd4-4c5c-acc7-f222875b42db
2026-07-11 11:28:23,283 - ERROR - Error fetching fixtures: 404 Client Error: Not Found for url: https://api.oddspapi.io/v4/fixtures?sportId=10&from=2026-07-11&to=2026-07-18&tournamentId=42&hasOdds=true&apiKey=a95c3a14-fbf4-451e-8582-6e9d62ab533e
2026-07-11 11:28:23,641 - ERROR - Error fetching fixtures: 404 Client Error: Not Found for url: https://api.oddspapi.io/v4/fixtures?sportId=10&from=2026-07-11&to=2026-07-18&tournamentId=44&hasOdds=true&apiKey=8f0f2d42-eecc-4b8a-b56f-7a95160bee93
2026-07-11 11:28:24,007 - ERROR - Error fetching fixtures: 404 Client Error: Not Found for url: https://api.oddspapi.io/v4/fixtures?sportId=10&from=2026-07-11&to=2026-07-18&tournamentId=45&hasOdds=true&apiKey=650a2c3e-3b32-4c5d-b16d-a8ffcf0e9d66
2026-07-11 11:28:24,353 - ERROR - Error fetching fixtures: 404 Client Error: Not Found for url: https://api.oddspapi.io/v4/fixtures?sportId=10&from=2026-07-11&to=2026-07-18&tournamentId=46&hasOdds=true&apiKey=52cac6c5-a2c3-49fc-9c38-11a8b639df3d
2026-07-11 11:28:24,720 - ERROR - Error fetching fixtures: 404 Client Error: Not Found for url: https://api.oddspapi.io/v4/fixtures?sportId=10&from=2026-07-11&to=2026-07-18&tournamentId=47&hasOdds=true&apiKey=46bc4083-85da-4547-ad50-e37859a0da56
2026-07-11 11:28:25,071 - ERROR - Error fetching fixtures: 404 Client Error: Not Found for url: https://api.oddspapi.io/v4/fixtures?sportId=10&from=2026-07-11&to=2026-07-18&tournamentId=52&hasOdds=true&apiKey=db122c2b-1f12-4a52-85d1-4a2b9ab0edea
2026-07-11 11:28:25,424 - ERROR - Error fetching fixtures: 404 Client Error: Not Found for url: https://api.oddspapi.io/v4/fixtures?sportId=10&from=2026-07-11&to=2026-07-18&tournamentId=54&hasOdds=true&apiKey=01b61a60-e733-4d81-92d9-e599eb4c8897
2026-07-11 11:28:32,813 - ERROR - Error fetching fixtures: 404 Client Error: Not Found for url: https://api.oddspapi.io/v4/fixtures?sportId=10&from=2026-07-11&to=2026-07-18&tournamentId=65&hasOdds=true&apiKey=437eda99-5bfc-427e-a820-745c2d7420ac
2026-07-11 11:28:33,268 - ERROR - Error fetching fixtures: 404 Client Error: Not Found for url: https://api.oddspapi.io/v4/fixtures?sportId=10&from=2026-07-11&to=2026-07-18&tournamentId=91&hasOdds=true&apiKey=ae011e6f-02fa-47bb-9ccf-da54f5b3fab6
2026-07-11 11:28:33,685 - ERROR - Error fetching fixtures: 404 Client Error: Not Found for url: https://api.oddspapi.io/v4/fixtures?sportId=10&from=2026-07-11&to=2026-07-18&tournamentId=98&hasOdds=true&apiKey=61509a15-67f0-4004-8356-0cd71e226e72
2026-07-11 11:28:34,088 - ERROR - Error fetching fixtures: 404 Client Error: Not Found for url: https://api.oddspapi.io/v4/fixtures?sportId=10&from=2026-07-11&to=2026-07-18&tournamentId=131&hasOdds=true&apiKey=083d0b63-396c-4def-a998-7c904de9be1e
2026-07-11 11:28:34,402 - ERROR - Error fetching fixtures: 404 Client Error: Not Found for url: https://api.oddspapi.io/v4/fixtures?sportId=10&from=2026-07-11&to=2026-07-18&tournamentId=135&hasOdds=true&apiKey=affc47b8-b6c0-4df2-9e61-f102583c1398
2026-07-11 11:28:38,036 - ERROR - Error fetching fixtures: 404 Client Error: Not Found for url: https://api.oddspapi.io/v4/fixtures?sportId=10&from=2026-07-11&to=2026-07-18&tournamentId=155&hasOdds=true&apiKey=d6bd124e-cba9-4803-bcc8-4255b70dec82
2026-07-11 11:28:44,786 - ERROR - Error fetching fixtures: 404 Client Error: Not Found for url: https://api.oddspapi.io/v4/fixtures?sportId=10&from=2026-07-11&to=2026-07-18&tournamentId=170&hasOdds=true&apiKey=650a2c3e-3b32-4c5d-b16d-a8ffcf0e9d66
2026-07-11 11:28:45,149 - ERROR - Error fetching fixtures: 404 Client Error: Not Found for url: https://api.oddspapi.io/v4/fixtures?sportId=10&from=2026-07-11&to=2026-07-18&tournamentId=172&hasOdds=true&apiKey=52cac6c5-a2c3-49fc-9c38-11a8b639df3d
2026-07-11 11:28:45,596 - ERROR - Error fetching fixtures: 404 Client Error: Not Found for url: https://api.oddspapi.io/v4/fixtures?sportId=10&from=2026-07-11&to=2026-07-18&tournamentId=173&hasOdds=true&apiKey=46bc4083-85da-4547-ad50-e37859a0da56
2026-07-11 11:28:49,445 - ERROR - Error fetching fixtures: 404 Client Error: Not Found for url: https://api.oddspapi.io/v4/fixtures?sportId=10&from=2026-07-11&to=2026-07-18&tournamentId=182&hasOdds=true&apiKey=bb5c207c-2fd4-4c5c-acc7-f222875b42db
2026-07-11 11:28:49,802 - ERROR - Error fetching fixtures: 404 Client Error: Not Found for url: https://api.oddspapi.io/v4/fixtures?sportId=10&from=2026-07-11&to=2026-07-18&tournamentId=183&hasOdds=true&apiKey=87c3e52b-04c5-4cc4-addb-d2e921e17323
2026-07-11 11:28:50,162 - ERROR - Error fetching fixtures: 404 Client Error: Not Found for url: https://api.oddspapi.io/v4/fixtures?sportId=10&from=2026-07-11&to=2026-07-18&tournamentId=187&hasOdds=true&apiKey=1e5ef5a4-c5fd-4145-9746-4c0508b17534
2026-07-11 11:29:01,065 - ERROR - Error fetching fixtures: 404 Client Error: Not Found for url: https://api.oddspapi.io/v4/fixtures?sportId=10&from=2026-07-11&to=2026-07-18&tournamentId=193&hasOdds=true&apiKey=6d1cd3ab-54ee-4bd5-a046-38fa0efea78a
2026-07-11 11:29:01,584 - ERROR - Error fetching fixtures: 404 Client Error: Not Found for url: https://api.oddspapi.io/v4/fixtures?sportId=10&from=2026-07-11&to=2026-07-18&tournamentId=195&hasOdds=true&apiKey=d6bd124e-cba9-4803-bcc8-4255b70dec82
2026-07-11 11:29:02,038 - ERROR - Error fetching fixtures: 404 Client Error: Not Found for url: https://api.oddspapi.io/v4/fixtures?sportId=10&from=2026-07-11&to=2026-07-18&tournamentId=196&hasOdds=true&apiKey=1b3fcb09-c752-4e93-991b-5254262278de
2026-07-11 11:29:02,402 - ERROR - Error fetching fixtures: 404 Client Error: Not Found for url: https://api.oddspapi.io/v4/fixtures?sportId=10&from=2026-07-11&to=2026-07-18&tournamentId=197&hasOdds=true&apiKey=6de091d6-be60-4ead-9c19-f121edbc6f2d
2026-07-11 11:29:02,405 - INFO - Found 9 value bets
2026-07-11 11:34:27,594 - INFO - Initialized with 24 API key(s)
2026-07-11 11:34:27,784 - INFO - file_cache is only supported with oauth2client<4.0.0
2026-07-11 11:34:27,835 - INFO - Google Sheets client initialized
2026-07-11 11:34:44,525 - INFO - Scanning...
2026-07-11 11:34:45,136 - INFO - API Status: 6000 requests remaining
2026-07-11 11:34:46,503 - ERROR - Error fetching tournaments: 403 Client Error: Forbidden for url: https://api.oddspapi.io/v4/tournaments?sportId=10&apiKey=bb5c207c-2fd4-4c5c-acc7-f222875b42db
2026-07-11 11:34:46,503 - INFO - Found 0 value bets
2026-07-11 11:37:51,337 - INFO - Initialized with 24 API key(s)
2026-07-11 11:37:51,422 - INFO - file_cache is only supported with oauth2client<4.0.0
2026-07-11 11:37:51,430 - INFO - Google Sheets client initialized
2026-07-11 11:38:00,005 - INFO - Scanning...
2026-07-11 11:38:00,515 - INFO - API Status: 6000 requests remaining
2026-07-11 11:38:01,907 - ERROR - Error fetching tournaments: 403 Client Error: Forbidden for url: https://api.oddspapi.io/v4/tournaments?sportId=10&apiKey=bb5c207c-2fd4-4c5c-acc7-f222875b42db
2026-07-11 11:38:01,910 - INFO - Found 0 value bets
2026-07-11 11:38:57,035 - ERROR - Error getting updates: ('Connection aborted.', RemoteDisconnected('Remote end closed connection without response'))
2026-07-11 11:39:14,877 - INFO - Initialized with 24 API key(s)
2026-07-11 11:39:14,986 - INFO - file_cache is only supported with oauth2client<4.0.0
2026-07-11 11:39:14,995 - INFO - Google Sheets client initialized
2026-07-11 11:39:18,766 - INFO - Scanning...
2026-07-11 11:39:19,274 - INFO - API Status: 6000 requests remaining
2026-07-11 11:39:19,781 - ERROR - Error fetching tournaments: 403 Client Error: Forbidden for url: https://api.oddspapi.io/v4/tournaments?sportId=10&apiKey=bb5c207c-2fd4-4c5c-acc7-f222875b42db
2026-07-11 11:39:19,784 - INFO - Found 0 value bets
2026-07-11 11:39:55,855 - INFO - Initialized with 24 API key(s)
2026-07-11 11:39:55,961 - INFO - file_cache is only supported with oauth2client<4.0.0
2026-07-11 11:39:55,972 - INFO - Google Sheets client initialized
2026-07-11 11:40:00,552 - INFO - Scanning...
2026-07-11 11:40:00,944 - INFO - API Status: 6000 requests remaining
2026-07-11 11:40:28,302 - ERROR - Error fetching fixtures: 404 Client Error: Not Found for url: https://api.oddspapi.io/v4/fixtures?sportId=10&from=2026-07-11&to=2026-07-18&tournamentId=8&hasOdds=true&apiKey=764b8e27-1f2d-41ba-a1a6-d41daeaf753f
2026-07-11 11:40:28,735 - ERROR - Error fetching fixtures: 404 Client Error: Not Found for url: https://api.oddspapi.io/v4/fixtures?sportId=10&from=2026-07-11&to=2026-07-18&tournamentId=9&hasOdds=true&apiKey=a95c3a14-fbf4-451e-8582-6e9d62ab533e
2026-07-11 11:40:37,030 - ERROR - Error fetching fixtures: 404 Client Error: Not Found for url: https://api.oddspapi.io/v4/fixtures?sportId=10&from=2026-07-11&to=2026-07-18&tournamentId=17&hasOdds=true&apiKey=01b61a60-e733-4d81-92d9-e599eb4c8897
2026-07-11 11:40:37,239 - ERROR - Error fetching fixtures: 404 Client Error: Not Found for url: https://api.oddspapi.io/v4/fixtures?sportId=10&from=2026-07-11&to=2026-07-18&tournamentId=18&hasOdds=true&apiKey=bb5c207c-2fd4-4c5c-acc7-f222875b42db
2026-07-11 11:40:47,680 - ERROR - Error getting updates: ('Connection aborted.', RemoteDisconnected('Remote end closed connection without response'))
2026-07-11 11:40:48,514 - ERROR - Error fetching odds for id1000002067015248: ('Connection aborted.', RemoteDisconnected('Remote end closed connection without response'))
2026-07-11 11:40:53,572 - ERROR - Error fetching fixtures: 404 Client Error: Not Found for url: https://api.oddspapi.io/v4/fixtures?sportId=10&from=2026-07-11&to=2026-07-18&tournamentId=21&hasOdds=true&apiKey=d6bd124e-cba9-4803-bcc8-4255b70dec82
2026-07-11 11:40:53,850 - ERROR - Error fetching fixtures: 404 Client Error: Not Found for url: https://api.oddspapi.io/v4/fixtures?sportId=10&from=2026-07-11&to=2026-07-18&tournamentId=22&hasOdds=true&apiKey=1b3fcb09-c752-4e93-991b-5254262278de
2026-07-11 11:40:54,083 - ERROR - Error fetching fixtures: 404 Client Error: Not Found for url: https://api.oddspapi.io/v4/fixtures?sportId=10&from=2026-07-11&to=2026-07-18&tournamentId=23&hasOdds=true&apiKey=6de091d6-be60-4ead-9c19-f121edbc6f2d
2026-07-11 11:40:54,441 - ERROR - Error fetching fixtures: 404 Client Error: Not Found for url: https://api.oddspapi.io/v4/fixtures?sportId=10&from=2026-07-11&to=2026-07-18&tournamentId=24&hasOdds=true&apiKey=764b8e27-1f2d-41ba-a1a6-d41daeaf753f
2026-07-11 11:40:54,700 - ERROR - Error fetching fixtures: 404 Client Error: Not Found for url: https://api.oddspapi.io/v4/fixtures?sportId=10&from=2026-07-11&to=2026-07-18&tournamentId=25&hasOdds=true&apiKey=a95c3a14-fbf4-451e-8582-6e9d62ab533e
2026-07-11 11:40:54,942 - ERROR - Error fetching fixtures: 404 Client Error: Not Found for url: https://api.oddspapi.io/v4/fixtures?sportId=10&from=2026-07-11&to=2026-07-18&tournamentId=26&hasOdds=true&apiKey=8f0f2d42-eecc-4b8a-b56f-7a95160bee93
2026-07-11 11:40:55,155 - ERROR - Error fetching fixtures: 404 Client Error: Not Found for url: https://api.oddspapi.io/v4/fixtures?sportId=10&from=2026-07-11&to=2026-07-18&tournamentId=34&hasOdds=true&apiKey=650a2c3e-3b32-4c5d-b16d-a8ffcf0e9d66
2026-07-11 11:40:55,420 - ERROR - Error fetching fixtures: 404 Client Error: Not Found for url: https://api.oddspapi.io/v4/fixtures?sportId=10&from=2026-07-11&to=2026-07-18&tournamentId=35&hasOdds=true&apiKey=52cac6c5-a2c3-49fc-9c38-11a8b639df3d
2026-07-11 11:40:55,771 - ERROR - Error fetching fixtures: 404 Client Error: Not Found for url: https://api.oddspapi.io/v4/fixtures?sportId=10&from=2026-07-11&to=2026-07-18&tournamentId=36&hasOdds=true&apiKey=46bc4083-85da-4547-ad50-e37859a0da56
2026-07-11 11:40:56,182 - ERROR - Error fetching fixtures: 404 Client Error: Not Found for url: https://api.oddspapi.io/v4/fixtures?sportId=10&from=2026-07-11&to=2026-07-18&tournamentId=37&hasOdds=true&apiKey=db122c2b-1f12-4a52-85d1-4a2b9ab0edea
2026-07-11 11:40:56,446 - ERROR - Error fetching fixtures: 404 Client Error: Not Found for url: https://api.oddspapi.io/v4/fixtures?sportId=10&from=2026-07-11&to=2026-07-18&tournamentId=38&hasOdds=true&apiKey=01b61a60-e733-4d81-92d9-e599eb4c8897
2026-07-11 11:40:56,650 - ERROR - Error fetching fixtures: 404 Client Error: Not Found for url: https://api.oddspapi.io/v4/fixtures?sportId=10&from=2026-07-11&to=2026-07-18&tournamentId=39&hasOdds=true&apiKey=bb5c207c-2fd4-4c5c-acc7-f222875b42db
2026-07-11 11:41:20,712 - ERROR - Error fetching fixtures: 404 Client Error: Not Found for url: https://api.oddspapi.io/v4/fixtures?sportId=10&from=2026-07-11&to=2026-07-18&tournamentId=42&hasOdds=true&apiKey=a95c3a14-fbf4-451e-8582-6e9d62ab533e
2026-07-11 11:41:20,960 - ERROR - Error fetching fixtures: 404 Client Error: Not Found for url: https://api.oddspapi.io/v4/fixtures?sportId=10&from=2026-07-11&to=2026-07-18&tournamentId=44&hasOdds=true&apiKey=8f0f2d42-eecc-4b8a-b56f-7a95160bee93
2026-07-11 11:41:21,337 - ERROR - Error fetching fixtures: 404 Client Error: Not Found for url: https://api.oddspapi.io/v4/fixtures?sportId=10&from=2026-07-11&to=2026-07-18&tournamentId=45&hasOdds=true&apiKey=650a2c3e-3b32-4c5d-b16d-a8ffcf0e9d66
2026-07-11 11:41:21,683 - ERROR - Error fetching fixtures: 404 Client Error: Not Found for url: https://api.oddspapi.io/v4/fixtures?sportId=10&from=2026-07-11&to=2026-07-18&tournamentId=46&hasOdds=true&apiKey=52cac6c5-a2c3-49fc-9c38-11a8b639df3d
2026-07-11 11:41:21,984 - ERROR - Error fetching fixtures: 404 Client Error: Not Found for url: https://api.oddspapi.io/v4/fixtures?sportId=10&from=2026-07-11&to=2026-07-18&tournamentId=47&hasOdds=true&apiKey=46bc4083-85da-4547-ad50-e37859a0da56
2026-07-11 11:41:22,291 - ERROR - Error fetching fixtures: 404 Client Error: Not Found for url: https://api.oddspapi.io/v4/fixtures?sportId=10&from=2026-07-11&to=2026-07-18&tournamentId=52&hasOdds=true&apiKey=db122c2b-1f12-4a52-85d1-4a2b9ab0edea
2026-07-11 11:41:22,592 - ERROR - Error fetching fixtures: 404 Client Error: Not Found for url: https://api.oddspapi.io/v4/fixtures?sportId=10&from=2026-07-11&to=2026-07-18&tournamentId=54&hasOdds=true&apiKey=01b61a60-e733-4d81-92d9-e599eb4c8897
2026-07-11 11:41:30,794 - ERROR - Error fetching fixtures: 404 Client Error: Not Found for url: https://api.oddspapi.io/v4/fixtures?sportId=10&from=2026-07-11&to=2026-07-18&tournamentId=65&hasOdds=true&apiKey=437eda99-5bfc-427e-a820-745c2d7420ac
2026-07-11 11:41:31,099 - ERROR - Error fetching fixtures: 404 Client Error: Not Found for url: https://api.oddspapi.io/v4/fixtures?sportId=10&from=2026-07-11&to=2026-07-18&tournamentId=91&hasOdds=true&apiKey=ae011e6f-02fa-47bb-9ccf-da54f5b3fab6
2026-07-11 11:41:31,405 - ERROR - Error fetching fixtures: 404 Client Error: Not Found for url: https://api.oddspapi.io/v4/fixtures?sportId=10&from=2026-07-11&to=2026-07-18&tournamentId=98&hasOdds=true&apiKey=61509a15-67f0-4004-8356-0cd71e226e72
2026-07-11 11:41:31,610 - ERROR - Error fetching fixtures: 404 Client Error: Not Found for url: https://api.oddspapi.io/v4/fixtures?sportId=10&from=2026-07-11&to=2026-07-18&tournamentId=131&hasOdds=true&apiKey=083d0b63-396c-4def-a998-7c904de9be1e
2026-07-11 11:41:31,919 - ERROR - Error fetching fixtures: 404 Client Error: Not Found for url: https://api.oddspapi.io/v4/fixtures?sportId=10&from=2026-07-11&to=2026-07-18&tournamentId=135&hasOdds=true&apiKey=affc47b8-b6c0-4df2-9e61-f102583c1398
2026-07-11 11:41:35,260 - ERROR - Error fetching fixtures: 404 Client Error: Not Found for url: https://api.oddspapi.io/v4/fixtures?sportId=10&from=2026-07-11&to=2026-07-18&tournamentId=155&hasOdds=true&apiKey=d6bd124e-cba9-4803-bcc8-4255b70dec82
2026-07-11 11:41:41,646 - ERROR - Error fetching fixtures: 404 Client Error: Not Found for url: https://api.oddspapi.io/v4/fixtures?sportId=10&from=2026-07-11&to=2026-07-18&tournamentId=170&hasOdds=true&apiKey=650a2c3e-3b32-4c5d-b16d-a8ffcf0e9d66
2026-07-11 11:41:41,908 - ERROR - Error fetching fixtures: 404 Client Error: Not Found for url: https://api.oddspapi.io/v4/fixtures?sportId=10&from=2026-07-11&to=2026-07-18&tournamentId=172&hasOdds=true&apiKey=52cac6c5-a2c3-49fc-9c38-11a8b639df3d
2026-07-11 11:41:42,219 - ERROR - Error fetching fixtures: 404 Client Error: Not Found for url: https://api.oddspapi.io/v4/fixtures?sportId=10&from=2026-07-11&to=2026-07-18&tournamentId=173&hasOdds=true&apiKey=46bc4083-85da-4547-ad50-e37859a0da56
2026-07-11 11:41:46,310 - ERROR - Error fetching fixtures: 404 Client Error: Not Found for url: https://api.oddspapi.io/v4/fixtures?sportId=10&from=2026-07-11&to=2026-07-18&tournamentId=182&hasOdds=true&apiKey=bb5c207c-2fd4-4c5c-acc7-f222875b42db
2026-07-11 11:41:46,599 - ERROR - Error fetching fixtures: 404 Client Error: Not Found for url: https://api.oddspapi.io/v4/fixtures?sportId=10&from=2026-07-11&to=2026-07-18&tournamentId=183&hasOdds=true&apiKey=87c3e52b-04c5-4cc4-addb-d2e921e17323
2026-07-11 11:41:46,874 - ERROR - Error fetching fixtures: 404 Client Error: Not Found for url: https://api.oddspapi.io/v4/fixtures?sportId=10&from=2026-07-11&to=2026-07-18&tournamentId=187&hasOdds=true&apiKey=1e5ef5a4-c5fd-4145-9746-4c0508b17534
2026-07-11 11:41:47,329 - ERROR - Error fetching odds for id1000018868194726: ('Connection aborted.', RemoteDisconnected('Remote end closed connection without response'))
2026-07-11 11:42:01,717 - ERROR - Error fetching fixtures: 404 Client Error: Not Found for url: https://api.oddspapi.io/v4/fixtures?sportId=10&from=2026-07-11&to=2026-07-18&tournamentId=193&hasOdds=true&apiKey=6d1cd3ab-54ee-4bd5-a046-38fa0efea78a
2026-07-11 11:42:01,982 - ERROR - Error fetching fixtures: 404 Client Error: Not Found for url: https://api.oddspapi.io/v4/fixtures?sportId=10&from=2026-07-11&to=2026-07-18&tournamentId=195&hasOdds=true&apiKey=d6bd124e-cba9-4803-bcc8-4255b70dec82
2026-07-11 11:42:02,335 - ERROR - Error fetching fixtures: 404 Client Error: Not Found for url: https://api.oddspapi.io/v4/fixtures?sportId=10&from=2026-07-11&to=2026-07-18&tournamentId=196&hasOdds=true&apiKey=1b3fcb09-c752-4e93-991b-5254262278de
2026-07-11 11:42:02,597 - ERROR - Error fetching fixtures: 404 Client Error: Not Found for url: https://api.oddspapi.io/v4/fixtures?sportId=10&from=2026-07-11&to=2026-07-18&tournamentId=197&hasOdds=true&apiKey=6de091d6-be60-4ead-9c19-f121edbc6f2d
2026-07-11 11:42:02,600 - INFO - Found 9 value bets
2026-07-11 11:53:35,505 - INFO - Initialized with 24 API key(s)
2026-07-11 11:53:35,569 - INFO - file_cache is only supported with oauth2client<4.0.0
2026-07-11 11:53:35,576 - INFO - Google Sheets client initialized
2026-07-11 11:53:43,126 - INFO - Scanning...
2026-07-11 11:53:43,685 - INFO - API Status: 6000 requests remaining
2026-07-11 11:54:13,331 - ERROR - Error fetching fixtures: 404 Client Error: Not Found for url: https://api.oddspapi.io/v4/fixtures?sportId=10&from=2026-07-11&to=2026-07-18&tournamentId=8&hasOdds=true&apiKey=764b8e27-1f2d-41ba-a1a6-d41daeaf753f
2026-07-11 11:54:13,732 - ERROR - Error fetching fixtures: 404 Client Error: Not Found for url: https://api.oddspapi.io/v4/fixtures?sportId=10&from=2026-07-11&to=2026-07-18&tournamentId=9&hasOdds=true&apiKey=a95c3a14-fbf4-451e-8582-6e9d62ab533e
2026-07-11 11:54:22,950 - ERROR - Error fetching fixtures: 404 Client Error: Not Found for url: https://api.oddspapi.io/v4/fixtures?sportId=10&from=2026-07-11&to=2026-07-18&tournamentId=17&hasOdds=true&apiKey=01b61a60-e733-4d81-92d9-e599eb4c8897
2026-07-11 11:54:23,210 - ERROR - Error fetching fixtures: 404 Client Error: Not Found for url: https://api.oddspapi.io/v4/fixtures?sportId=10&from=2026-07-11&to=2026-07-18&tournamentId=18&hasOdds=true&apiKey=bb5c207c-2fd4-4c5c-acc7-f222875b42db
2026-07-11 11:54:43,983 - ERROR - Error fetching fixtures: 404 Client Error: Not Found for url: https://api.oddspapi.io/v4/fixtures?sportId=10&from=2026-07-11&to=2026-07-18&tournamentId=21&hasOdds=true&apiKey=d6bd124e-cba9-4803-bcc8-4255b70dec82
2026-07-11 11:54:44,255 - ERROR - Error fetching fixtures: 404 Client Error: Not Found for url: https://api.oddspapi.io/v4/fixtures?sportId=10&from=2026-07-11&to=2026-07-18&tournamentId=22&hasOdds=true&apiKey=1b3fcb09-c752-4e93-991b-5254262278de
2026-07-11 11:54:44,562 - ERROR - Error fetching fixtures: 404 Client Error: Not Found for url: https://api.oddspapi.io/v4/fixtures?sportId=10&from=2026-07-11&to=2026-07-18&tournamentId=23&hasOdds=true&apiKey=6de091d6-be60-4ead-9c19-f121edbc6f2d
2026-07-11 11:54:44,820 - ERROR - Error fetching fixtures: 404 Client Error: Not Found for url: https://api.oddspapi.io/v4/fixtures?sportId=10&from=2026-07-11&to=2026-07-18&tournamentId=24&hasOdds=true&apiKey=764b8e27-1f2d-41ba-a1a6-d41daeaf753f
2026-07-11 11:54:45,125 - ERROR - Error fetching fixtures: 404 Client Error: Not Found for url: https://api.oddspapi.io/v4/fixtures?sportId=10&from=2026-07-11&to=2026-07-18&tournamentId=25&hasOdds=true&apiKey=a95c3a14-fbf4-451e-8582-6e9d62ab533e
2026-07-11 11:54:45,485 - ERROR - Error fetching fixtures: 404 Client Error: Not Found for url: https://api.oddspapi.io/v4/fixtures?sportId=10&from=2026-07-11&to=2026-07-18&tournamentId=26&hasOdds=true&apiKey=8f0f2d42-eecc-4b8a-b56f-7a95160bee93
2026-07-11 11:54:45,794 - ERROR - Error fetching fixtures: 404 Client Error: Not Found for url: https://api.oddspapi.io/v4/fixtures?sportId=10&from=2026-07-11&to=2026-07-18&tournamentId=34&hasOdds=true&apiKey=650a2c3e-3b32-4c5d-b16d-a8ffcf0e9d66
2026-07-11 11:54:46,147 - ERROR - Error fetching fixtures: 404 Client Error: Not Found for url: https://api.oddspapi.io/v4/fixtures?sportId=10&from=2026-07-11&to=2026-07-18&tournamentId=35&hasOdds=true&apiKey=52cac6c5-a2c3-49fc-9c38-11a8b639df3d
2026-07-11 11:54:46,407 - ERROR - Error fetching fixtures: 404 Client Error: Not Found for url: https://api.oddspapi.io/v4/fixtures?sportId=10&from=2026-07-11&to=2026-07-18&tournamentId=36&hasOdds=true&apiKey=46bc4083-85da-4547-ad50-e37859a0da56
2026-07-11 11:54:46,754 - ERROR - Error fetching fixtures: 404 Client Error: Not Found for url: https://api.oddspapi.io/v4/fixtures?sportId=10&from=2026-07-11&to=2026-07-18&tournamentId=37&hasOdds=true&apiKey=db122c2b-1f12-4a52-85d1-4a2b9ab0edea
2026-07-11 11:54:46,970 - ERROR - Error fetching fixtures: 404 Client Error: Not Found for url: https://api.oddspapi.io/v4/fixtures?sportId=10&from=2026-07-11&to=2026-07-18&tournamentId=38&hasOdds=true&apiKey=01b61a60-e733-4d81-92d9-e599eb4c8897
2026-07-11 11:54:47,224 - ERROR - Error fetching fixtures: 404 Client Error: Not Found for url: https://api.oddspapi.io/v4/fixtures?sportId=10&from=2026-07-11&to=2026-07-18&tournamentId=39&hasOdds=true&apiKey=bb5c207c-2fd4-4c5c-acc7-f222875b42db
2026-07-11 11:54:51,315 - ERROR - Error fetching odds for id1000004067126628: ('Connection aborted.', RemoteDisconnected('Remote end closed connection without response'))
2026-07-11 11:55:20,191 - ERROR - Error fetching fixtures: 404 Client Error: Not Found for url: https://api.oddspapi.io/v4/fixtures?sportId=10&from=2026-07-11&to=2026-07-18&tournamentId=42&hasOdds=true&apiKey=a95c3a14-fbf4-451e-8582-6e9d62ab533e
2026-07-11 11:55:20,417 - ERROR - Error fetching fixtures: 404 Client Error: Not Found for url: https://api.oddspapi.io/v4/fixtures?sportId=10&from=2026-07-11&to=2026-07-18&tournamentId=44&hasOdds=true&apiKey=8f0f2d42-eecc-4b8a-b56f-7a95160bee93
2026-07-11 11:55:20,664 - ERROR - Error fetching fixtures: 404 Client Error: Not Found for url: https://api.oddspapi.io/v4/fixtures?sportId=10&from=2026-07-11&to=2026-07-18&tournamentId=45&hasOdds=true&apiKey=650a2c3e-3b32-4c5d-b16d-a8ffcf0e9d66
2026-07-11 11:55:20,934 - ERROR - Error fetching fixtures: 404 Client Error: Not Found for url: https://api.oddspapi.io/v4/fixtures?sportId=10&from=2026-07-11&to=2026-07-18&tournamentId=46&hasOdds=true&apiKey=52cac6c5-a2c3-49fc-9c38-11a8b639df3d
2026-07-11 11:55:21,218 - ERROR - Error fetching fixtures: 404 Client Error: Not Found for url: https://api.oddspapi.io/v4/fixtures?sportId=10&from=2026-07-11&to=2026-07-18&tournamentId=47&hasOdds=true&apiKey=46bc4083-85da-4547-ad50-e37859a0da56
2026-07-11 11:55:21,524 - ERROR - Error fetching fixtures: 404 Client Error: Not Found for url: https://api.oddspapi.io/v4/fixtures?sportId=10&from=2026-07-11&to=2026-07-18&tournamentId=52&hasOdds=true&apiKey=db122c2b-1f12-4a52-85d1-4a2b9ab0edea
2026-07-11 11:55:21,886 - ERROR - Error fetching fixtures: 404 Client Error: Not Found for url: https://api.oddspapi.io/v4/fixtures?sportId=10&from=2026-07-11&to=2026-07-18&tournamentId=54&hasOdds=true&apiKey=01b61a60-e733-4d81-92d9-e599eb4c8897
2026-07-11 11:55:29,210 - ERROR - Error fetching fixtures: 404 Client Error: Not Found for url: https://api.oddspapi.io/v4/fixtures?sportId=10&from=2026-07-11&to=2026-07-18&tournamentId=65&hasOdds=true&apiKey=437eda99-5bfc-427e-a820-745c2d7420ac
2026-07-11 11:55:29,713 - ERROR - Error fetching fixtures: 404 Client Error: Not Found for url: https://api.oddspapi.io/v4/fixtures?sportId=10&from=2026-07-11&to=2026-07-18&tournamentId=91&hasOdds=true&apiKey=ae011e6f-02fa-47bb-9ccf-da54f5b3fab6
2026-07-11 11:55:30,029 - ERROR - Error fetching fixtures: 404 Client Error: Not Found for url: https://api.oddspapi.io/v4/fixtures?sportId=10&from=2026-07-11&to=2026-07-18&tournamentId=98&hasOdds=true&apiKey=61509a15-67f0-4004-8356-0cd71e226e72
2026-07-11 11:55:30,241 - ERROR - Error fetching fixtures: 404 Client Error: Not Found for url: https://api.oddspapi.io/v4/fixtures?sportId=10&from=2026-07-11&to=2026-07-18&tournamentId=131&hasOdds=true&apiKey=083d0b63-396c-4def-a998-7c904de9be1e
2026-07-11 11:55:30,643 - ERROR - Error fetching fixtures: 404 Client Error: Not Found for url: https://api.oddspapi.io/v4/fixtures?sportId=10&from=2026-07-11&to=2026-07-18&tournamentId=135&hasOdds=true&apiKey=affc47b8-b6c0-4df2-9e61-f102583c1398
2026-07-11 11:55:34,882 - ERROR - Error fetching fixtures: 404 Client Error: Not Found for url: https://api.oddspapi.io/v4/fixtures?sportId=10&from=2026-07-11&to=2026-07-18&tournamentId=155&hasOdds=true&apiKey=d6bd124e-cba9-4803-bcc8-4255b70dec82
2026-07-11 11:55:43,013 - ERROR - Error fetching fixtures: 404 Client Error: Not Found for url: https://api.oddspapi.io/v4/fixtures?sportId=10&from=2026-07-11&to=2026-07-18&tournamentId=170&hasOdds=true&apiKey=650a2c3e-3b32-4c5d-b16d-a8ffcf0e9d66
2026-07-11 11:55:43,749 - ERROR - Error fetching fixtures: 404 Client Error: Not Found for url: https://api.oddspapi.io/v4/fixtures?sportId=10&from=2026-07-11&to=2026-07-18&tournamentId=172&hasOdds=true&apiKey=52cac6c5-a2c3-49fc-9c38-11a8b639df3d
2026-07-11 11:55:43,949 - ERROR - Error fetching fixtures: 404 Client Error: Not Found for url: https://api.oddspapi.io/v4/fixtures?sportId=10&from=2026-07-11&to=2026-07-18&tournamentId=173&hasOdds=true&apiKey=46bc4083-85da-4547-ad50-e37859a0da56
2026-07-11 11:55:49,229 - ERROR - Error fetching fixtures: 404 Client Error: Not Found for url: https://api.oddspapi.io/v4/fixtures?sportId=10&from=2026-07-11&to=2026-07-18&tournamentId=182&hasOdds=true&apiKey=bb5c207c-2fd4-4c5c-acc7-f222875b42db
2026-07-11 11:55:49,466 - ERROR - Error fetching fixtures: 404 Client Error: Not Found for url: https://api.oddspapi.io/v4/fixtures?sportId=10&from=2026-07-11&to=2026-07-18&tournamentId=183&hasOdds=true&apiKey=87c3e52b-04c5-4cc4-addb-d2e921e17323
2026-07-11 11:55:49,742 - ERROR - Error fetching fixtures: 404 Client Error: Not Found for url: https://api.oddspapi.io/v4/fixtures?sportId=10&from=2026-07-11&to=2026-07-18&tournamentId=187&hasOdds=true&apiKey=1e5ef5a4-c5fd-4145-9746-4c0508b17534
2026-07-11 11:56:02,029 - ERROR - Error fetching fixtures: 404 Client Error: Not Found for url: https://api.oddspapi.io/v4/fixtures?sportId=10&from=2026-07-11&to=2026-07-18&tournamentId=193&hasOdds=true&apiKey=6d1cd3ab-54ee-4bd5-a046-38fa0efea78a
2026-07-11 11:56:02,283 - ERROR - Error fetching fixtures: 404 Client Error: Not Found for url: https://api.oddspapi.io/v4/fixtures?sportId=10&from=2026-07-11&to=2026-07-18&tournamentId=195&hasOdds=true&apiKey=d6bd124e-cba9-4803-bcc8-4255b70dec82
2026-07-11 11:56:02,695 - ERROR - Error fetching fixtures: 404 Client Error: Not Found for url: https://api.oddspapi.io/v4/fixtures?sportId=10&from=2026-07-11&to=2026-07-18&tournamentId=196&hasOdds=true&apiKey=1b3fcb09-c752-4e93-991b-5254262278de
2026-07-11 11:56:02,939 - ERROR - Error fetching fixtures: 404 Client Error: Not Found for url: https://api.oddspapi.io/v4/fixtures?sportId=10&from=2026-07-11&to=2026-07-18&tournamentId=197&hasOdds=true&apiKey=6de091d6-be60-4ead-9c19-f121edbc6f2d
2026-07-11 11:56:02,942 - INFO - Found 1 value bets
2026-07-11 11:56:23,939 - INFO - Created monthly sheet '2026-07' from TEMPLATE
2026-07-11 11:56:24,503 - INFO - Bet opgeslagen: id1000018868194726
2026-07-11 12:10:29,695 - INFO - Initialized with 24 API key(s)
2026-07-11 12:10:29,790 - INFO - file_cache is only supported with oauth2client<4.0.0
2026-07-11 12:10:29,801 - INFO - Google Sheets client initialized
2026-07-11 12:10:54,242 - INFO - Scanning...
2026-07-11 12:10:54,807 - INFO - API Status: 6000 requests remaining
